<?xml version="1.0" encoding="UTF-8"?>
<!-- Generated by org.testng.reporters.JUnitReportReporter -->
<testsuite hostname="LAPTOP-9DL50HOK" failures="0" tests="1" name="com.ebayyTestRunner.qa.ebayyTestRunnerClass" time="6.696" errors="0" timestamp="2022-11-12T11:56:18 CST" skipped="0">
  <testcase classname="com.ebayyTestRunner.qa.ebayyTestRunnerClass" name="feature" time="6.696"/>
  <system-out/>
</testsuite> <!-- com.ebayyTestRunner.qa.ebayyTestRunnerClass -->
